<?xml version="1.0" encoding="UTF-8"?>
<testsuite name="com.advancedpwr.record.methods.MethodBuilderTest" tests="2" skipped="0" failures="0" errors="0" timestamp="2017-11-25T01:03:57" hostname="enterprise" time="0.001">
  <properties/>
  <testcase name="testSetScope" classname="com.advancedpwr.record.methods.MethodBuilderTest" time="0.0"/>
  <testcase name="testBuild" classname="com.advancedpwr.record.methods.MethodBuilderTest" time="0.001"/>
  <system-out><![CDATA[]]></system-out>
  <system-err><![CDATA[]]></system-err>
</testsuite>
