<?xml version="1.0" encoding="UTF-8"?>
<testsuite name="com.advancedpwr.record.mock.URLTest" tests="1" skipped="0" failures="0" errors="0" timestamp="2017-11-25T01:03:57" hostname="enterprise" time="0.006">
  <properties/>
  <testcase name="testURL" classname="com.advancedpwr.record.mock.URLTest" time="0.006"/>
  <system-out><![CDATA[Instrumenting class com.advancedpwr.samples.FinalStuff
Invoking method FinalStuff.setURL()
Proxy: class com.advancedpwr.samples.FinalStuff$$EnhancerByCGLIB$$c9fda58b, Source: class com.advancedpwr.samples.FinalStuff
Not able to instrument object null
Invoking method FinalStuff.getURL()
Proxy: class com.advancedpwr.samples.FinalStuff$$EnhancerByCGLIB$$c9fda58b, Source: class com.advancedpwr.samples.FinalStuff
Not able to instrument object http://localhost
Finished recording /home/avery/git/thor/src/generated/java/com.example.mock.MockUrlFactory
/home/avery/git/thor/reference/com/example/mock/MockUrlFactory.java matches src/generated/java/com/example/mock/MockUrlFactory.java
]]></system-out>
  <system-err><![CDATA[]]></system-err>
</testsuite>
