<?xml version="1.0" encoding="UTF-8"?>
<testsuite name="com.advancedpwr.record.ListInstanceTest" tests="1" skipped="0" failures="0" errors="0" timestamp="2017-11-25T01:03:57" hostname="enterprise" time="0.004">
  <properties/>
  <testcase name="testListInstance" classname="com.advancedpwr.record.ListInstanceTest" time="0.004"/>
  <system-out><![CDATA[/home/avery/git/thor/reference/com/example/list/PersonListFactory.java matches src/generated/java/com/example/list/PersonListFactory.java
]]></system-out>
  <system-err><![CDATA[]]></system-err>
</testsuite>
