<?xml version="1.0" encoding="UTF-8"?>
<testsuite name="com.advancedpwr.record.mock.MockBehaviorRecorderTest" tests="13" skipped="0" failures="0" errors="0" timestamp="2017-11-25T01:03:57" hostname="enterprise" time="0.028">
  <properties/>
  <testcase name="testRecord" classname="com.advancedpwr.record.mock.MockBehaviorRecorderTest" time="0.002"/>
  <testcase name="testRecord_2" classname="com.advancedpwr.record.mock.MockBehaviorRecorderTest" time="0.005"/>
  <testcase name="testRecord_3" classname="com.advancedpwr.record.mock.MockBehaviorRecorderTest" time="0.002"/>
  <testcase name="testRecord_4" classname="com.advancedpwr.record.mock.MockBehaviorRecorderTest" time="0.002"/>
  <testcase name="testRecord_5" classname="com.advancedpwr.record.mock.MockBehaviorRecorderTest" time="0.002"/>
  <testcase name="testRecord_6" classname="com.advancedpwr.record.mock.MockBehaviorRecorderTest" time="0.002"/>
  <testcase name="testRecordNice" classname="com.advancedpwr.record.mock.MockBehaviorRecorderTest" time="0.002"/>
  <testcase name="testEquals" classname="com.advancedpwr.record.mock.MockBehaviorRecorderTest" time="0.0"/>
  <testcase name="testHashCode" classname="com.advancedpwr.record.mock.MockBehaviorRecorderTest" time="0.0"/>
  <testcase name="testInstrument" classname="com.advancedpwr.record.mock.MockBehaviorRecorderTest" time="0.0"/>
  <testcase name="testAddPreferredInterface" classname="com.advancedpwr.record.mock.MockBehaviorRecorderTest" time="0.003"/>
  <testcase name="testInterfacesArePublic" classname="com.advancedpwr.record.mock.MockBehaviorRecorderTest" time="0.001"/>
  <testcase name="testOutputStream_preferred_class" classname="com.advancedpwr.record.mock.MockBehaviorRecorderTest" time="0.006"/>
  <system-out><![CDATA[Instrumenting class com.advancedpwr.samples.Person
Invoking method Person.setName()
Proxy: class com.advancedpwr.samples.Person$$EnhancerByCGLIB$$1a63bbc8, Source: class com.advancedpwr.samples.Person
Not able to instrument object null
Invoking method Person.getName()
Proxy: class com.advancedpwr.samples.Person$$EnhancerByCGLIB$$1a63bbc8, Source: class com.advancedpwr.samples.Person
Not able to instrument object Joe
Finished recording /home/avery/git/thor/src/generated/java/com.example.mock.MockPersonFactory
/home/avery/git/thor/reference/com/example/mock/MockPersonFactory.java matches src/generated/java/com/example/mock/MockPersonFactory.java
Instrumenting class com.advancedpwr.samples.Person
Invoking method Person.setName()
Proxy: class com.advancedpwr.samples.Person$$EnhancerByCGLIB$$1a63bbc8, Source: class com.advancedpwr.samples.Person
Not able to instrument object null
Invoking method Person.getName()
Proxy: class com.advancedpwr.samples.Person$$EnhancerByCGLIB$$1a63bbc8, Source: class com.advancedpwr.samples.Person
Not able to instrument object Joe
Invoking method Person.getDad()
Proxy: class com.advancedpwr.samples.Person$$EnhancerByCGLIB$$1a63bbc8, Source: class com.advancedpwr.samples.Person
Instrumenting class com.advancedpwr.samples.Person
Invoking method Person.getName()
Proxy: class com.advancedpwr.samples.Person$$EnhancerByCGLIB$$1a63bbc8, Source: class com.advancedpwr.samples.Person
Not able to instrument object dad
Invoking method Person.getDad()
Proxy: class com.advancedpwr.samples.Person$$EnhancerByCGLIB$$1a63bbc8, Source: class com.advancedpwr.samples.Person
Instrumenting class com.advancedpwr.samples.Person
Invoking method Person.getName()
Proxy: class com.advancedpwr.samples.Person$$EnhancerByCGLIB$$1a63bbc8, Source: class com.advancedpwr.samples.Person
Not able to instrument object dad
Invoking method Person.setMom()
Instrumenting class com.advancedpwr.samples.Person
Proxy: class com.advancedpwr.samples.Person$$EnhancerByCGLIB$$1a63bbc8, Source: class com.advancedpwr.samples.Person
Invoking method Person.hashCode()
Proxy: class com.advancedpwr.samples.Person$$EnhancerByCGLIB$$1a63bbc8, Source: class com.advancedpwr.samples.Person
Invoking method Person.equals()
Proxy: class com.advancedpwr.samples.Person$$EnhancerByCGLIB$$1a63bbc8, Source: class com.advancedpwr.samples.Person
Not able to instrument object null
Invoking method Person.getMom()
Proxy: class com.advancedpwr.samples.Person$$EnhancerByCGLIB$$1a63bbc8, Source: class com.advancedpwr.samples.Person
Invoking method Person.hashCode()
Proxy: class com.advancedpwr.samples.Person$$EnhancerByCGLIB$$1a63bbc8, Source: class com.advancedpwr.samples.Person
Invoking method Person.equals()
Proxy: class com.advancedpwr.samples.Person$$EnhancerByCGLIB$$1a63bbc8, Source: class com.advancedpwr.samples.Person
Invoking method Person.toString()
Proxy: class com.advancedpwr.samples.Person$$EnhancerByCGLIB$$1a63bbc8, Source: class com.advancedpwr.samples.Person
Not able to instrument object com.advancedpwr.samples.Person@786a5a6b : mom
Invoking method Person.getName()
Proxy: class com.advancedpwr.samples.Person$$EnhancerByCGLIB$$1a63bbc8, Source: class com.advancedpwr.samples.Person
Not able to instrument object mom
Invoking method Person.setMom()
Instrumenting class com.advancedpwr.samples.Person
Proxy: class com.advancedpwr.samples.Person$$EnhancerByCGLIB$$1a63bbc8, Source: class com.advancedpwr.samples.Person
Invoking method Person.hashCode()
Proxy: class com.advancedpwr.samples.Person$$EnhancerByCGLIB$$1a63bbc8, Source: class com.advancedpwr.samples.Person
Invoking method Person.equals()
Proxy: class com.advancedpwr.samples.Person$$EnhancerByCGLIB$$1a63bbc8, Source: class com.advancedpwr.samples.Person
Not able to instrument object null
Invoking method Person.setMom()
Proxy: class com.advancedpwr.samples.Person$$EnhancerByCGLIB$$1a63bbc8, Source: class com.advancedpwr.samples.Person
Not able to instrument object null
Invoking method Person.getMom()
Proxy: class com.advancedpwr.samples.Person$$EnhancerByCGLIB$$1a63bbc8, Source: class com.advancedpwr.samples.Person
Not able to instrument object null
Finished recording /home/avery/git/thor/src/generated/java/com.example.mock.MockPersonFactory2
/home/avery/git/thor/reference/com/example/mock/MockPersonFactory2.java matches src/generated/java/com/example/mock/MockPersonFactory2.java
Instrumenting class com.advancedpwr.samples.Person
Invoking method Person.getDad()
Proxy: class com.advancedpwr.samples.Person$$EnhancerByCGLIB$$1a63bbc8, Source: class com.advancedpwr.samples.Person
Instrumenting class com.advancedpwr.samples.Person
Invoking method Person.getDad()
Proxy: class com.advancedpwr.samples.Person$$EnhancerByCGLIB$$1a63bbc8, Source: class com.advancedpwr.samples.Person
Instrumenting class com.advancedpwr.samples.Person
Invoking method Person.getName()
Proxy: class com.advancedpwr.samples.Person$$EnhancerByCGLIB$$1a63bbc8, Source: class com.advancedpwr.samples.Person
Not able to instrument object grandpa
Invoking method Person.setName()
Proxy: class com.advancedpwr.samples.Person$$EnhancerByCGLIB$$1a63bbc8, Source: class com.advancedpwr.samples.Person
Not able to instrument object null
Invoking method Person.getName()
Proxy: class com.advancedpwr.samples.Person$$EnhancerByCGLIB$$1a63bbc8, Source: class com.advancedpwr.samples.Person
Not able to instrument object Grandpa Joe
Finished recording /home/avery/git/thor/src/generated/java/com.example.mock.MockPersonFactory3
/home/avery/git/thor/reference/com/example/mock/MockPersonFactory3.java matches src/generated/java/com/example/mock/MockPersonFactory3.java
Instrumenting class com.advancedpwr.samples.Family
Invoking method Family.setParents()
Instrumenting class com.advancedpwr.samples.Person
Instrumenting class com.advancedpwr.samples.Person
Proxy: class com.advancedpwr.samples.Family$$EnhancerByCGLIB$$12c6e9cd, Source: class com.advancedpwr.samples.Family
Invoking method Person.hashCode()
Proxy: class com.advancedpwr.samples.Person$$EnhancerByCGLIB$$1a63bbc8, Source: class com.advancedpwr.samples.Person
Invoking method Person.equals()
Proxy: class com.advancedpwr.samples.Person$$EnhancerByCGLIB$$1a63bbc8, Source: class com.advancedpwr.samples.Person
Invoking method Person.hashCode()
Proxy: class com.advancedpwr.samples.Person$$EnhancerByCGLIB$$1a63bbc8, Source: class com.advancedpwr.samples.Person
Invoking method Person.equals()
Proxy: class com.advancedpwr.samples.Person$$EnhancerByCGLIB$$1a63bbc8, Source: class com.advancedpwr.samples.Person
Not able to instrument object null
Finished recording /home/avery/git/thor/src/generated/java/com.example.mock.MockPersonFactory4
/home/avery/git/thor/reference/com/example/mock/MockPersonFactory4.java matches src/generated/java/com/example/mock/MockPersonFactory4.java
Instrumenting class com.advancedpwr.samples.Family
Invoking method Family.fued()
Proxy: class com.advancedpwr.samples.Family$$EnhancerByCGLIB$$12c6e9cd, Source: class com.advancedpwr.samples.Family
Finished recording /home/avery/git/thor/src/generated/java/com.example.mock.MockPersonFactory5
/home/avery/git/thor/reference/com/example/mock/MockPersonFactory5.java matches src/generated/java/com/example/mock/MockPersonFactory5.java
Instrumenting class com.advancedpwr.samples.Family
Invoking method Family.fued()
Instrumenting class com.advancedpwr.samples.Person
Proxy: class com.advancedpwr.samples.Family$$EnhancerByCGLIB$$12c6e9cd, Source: class com.advancedpwr.samples.Family
Invoking method Person.setName()
Proxy: class com.advancedpwr.samples.Person$$EnhancerByCGLIB$$1a63bbc8, Source: class com.advancedpwr.samples.Person
Not able to instrument object null
Invoking method Person.hashCode()
Proxy: class com.advancedpwr.samples.Person$$EnhancerByCGLIB$$1a63bbc8, Source: class com.advancedpwr.samples.Person
Invoking method Person.equals()
Proxy: class com.advancedpwr.samples.Person$$EnhancerByCGLIB$$1a63bbc8, Source: class com.advancedpwr.samples.Person
Finished recording /home/avery/git/thor/src/generated/java/com.example.mock.MockPersonFactory6
/home/avery/git/thor/reference/com/example/mock/MockPersonFactory6.java matches src/generated/java/com/example/mock/MockPersonFactory6.java
Instrumenting class com.advancedpwr.samples.Family
Invoking method Family.fued()
Instrumenting class com.advancedpwr.samples.Person
Proxy: class com.advancedpwr.samples.Family$$EnhancerByCGLIB$$12c6e9cd, Source: class com.advancedpwr.samples.Family
Invoking method Person.setName()
Proxy: class com.advancedpwr.samples.Person$$EnhancerByCGLIB$$1a63bbc8, Source: class com.advancedpwr.samples.Person
Not able to instrument object null
Invoking method Person.hashCode()
Proxy: class com.advancedpwr.samples.Person$$EnhancerByCGLIB$$1a63bbc8, Source: class com.advancedpwr.samples.Person
Invoking method Person.equals()
Proxy: class com.advancedpwr.samples.Person$$EnhancerByCGLIB$$1a63bbc8, Source: class com.advancedpwr.samples.Person
Finished recording /home/avery/git/thor/src/generated/java/com.example.mock.NiceMockFactory
/home/avery/git/thor/reference/com/example/mock/NiceMockFactory.java matches src/generated/java/com/example/mock/NiceMockFactory.java
Instrumenting class com.advancedpwr.samples.Person
Invoking method Person.equals()
Proxy: class com.advancedpwr.samples.Person$$EnhancerByCGLIB$$1a63bbc8, Source: class com.advancedpwr.samples.Person
Instrumenting class com.advancedpwr.samples.Person
Invoking method Person.hashCode()
Proxy: class com.advancedpwr.samples.Person$$EnhancerByCGLIB$$1a63bbc8, Source: class com.advancedpwr.samples.Person
Instrumenting class com.advancedpwr.samples.Person
Instrumenting class com.advancedpwr.samples.Person
Invoking method Person.getDad()
Proxy: class com.sun.proxy.$Proxy4, Source: class com.advancedpwr.samples.Person
Instrumenting class com.advancedpwr.samples.Person
Invoking method Person.getMom()
Proxy: class com.sun.proxy.$Proxy4, Source: class com.advancedpwr.samples.Person
Instrumenting class com.advancedpwr.samples.Person
Finished recording /home/avery/git/thor/src/generated/java/com.example.mock.MockPreferredInterfaceFactory
/home/avery/git/thor/reference/com/example/mock/MockPreferredInterfaceFactory.java matches src/generated/java/com/example/mock/MockPreferredInterfaceFactory.java
Instrumenting class java.io.ByteArrayOutputStream
Invoking method ByteArrayOutputStream.write()
Proxy: class $java.io.ByteArrayOutputStream$$EnhancerByCGLIB$$ac145b16, Source: class java.io.ByteArrayOutputStream
Not able to instrument object null
Invoking method ByteArrayOutputStream.flush()
Proxy: class $java.io.ByteArrayOutputStream$$EnhancerByCGLIB$$ac145b16, Source: class java.io.ByteArrayOutputStream
Not able to instrument object null
Invoking method ByteArrayOutputStream.close()
Proxy: class $java.io.ByteArrayOutputStream$$EnhancerByCGLIB$$ac145b16, Source: class java.io.ByteArrayOutputStream
Not able to instrument object null
Finished recording /home/avery/git/thor/src/generated/java/com.example.mock.MockPreferredClassFactory
/home/avery/git/thor/reference/com/example/mock/MockPreferredClassFactory.java matches src/generated/java/com/example/mock/MockPreferredClassFactory.java
]]></system-out>
  <system-err><![CDATA[]]></system-err>
</testsuite>
