<?xml version="1.0" encoding="UTF-8"?>
<testsuite name="com.advancedpwr.record.MapTest" tests="2" skipped="0" failures="0" errors="0" timestamp="2017-11-25T01:03:57" hostname="enterprise" time="0.012">
  <properties/>
  <testcase name="testMap" classname="com.advancedpwr.record.MapTest" time="0.008"/>
  <testcase name="testMap_2" classname="com.advancedpwr.record.MapTest" time="0.004"/>
  <system-out><![CDATA[/home/avery/git/thor/reference/com/example/map/MapFactory1.java matches src/generated/java/com/example/map/MapFactory1.java
/home/avery/git/thor/reference/com/example/map/LinkedHashMapFactory.java matches src/generated/java/com/example/map/LinkedHashMapFactory.java
]]></system-out>
  <system-err><![CDATA[]]></system-err>
</testsuite>
