<?xml version="1.0" encoding="UTF-8"?>
<testsuite name="com.advancedpwr.record.methods.DateBuilderTest" tests="11" skipped="0" failures="0" errors="0" timestamp="2017-11-25T01:03:57" hostname="enterprise" time="0.009">
  <properties/>
  <testcase name="testSameDateInstance" classname="com.advancedpwr.record.methods.DateBuilderTest" time="0.002"/>
  <testcase name="testSetObject" classname="com.advancedpwr.record.methods.DateBuilderTest" time="0.0"/>
  <testcase name="testSetGetObject" classname="com.advancedpwr.record.methods.DateBuilderTest" time="0.002"/>
  <testcase name="testSetDescriptor" classname="com.advancedpwr.record.methods.DateBuilderTest" time="0.0"/>
  <testcase name="testPackagePath" classname="com.advancedpwr.record.methods.DateBuilderTest" time="0.0"/>
  <testcase name="testGetPrintWriter" classname="com.advancedpwr.record.methods.DateBuilderTest" time="0.001"/>
  <testcase name="testGetPrintWriter_file" classname="com.advancedpwr.record.methods.DateBuilderTest" time="0.0"/>
  <testcase name="testCloseFile" classname="com.advancedpwr.record.methods.DateBuilderTest" time="0.001"/>
  <testcase name="testAddBuilder" classname="com.advancedpwr.record.methods.DateBuilderTest" time="0.0"/>
  <testcase name="testRecord_Object" classname="com.advancedpwr.record.methods.DateBuilderTest" time="0.001"/>
  <testcase name="testRecord_Objenesis" classname="com.advancedpwr.record.methods.DateBuilderTest" time="0.002"/>
  <system-out><![CDATA[/home/avery/git/thor/reference/com/example/methods/DateHolderFactory.java matches src/generated/java/com/example/methods/DateHolderFactory.java
/home/avery/git/thor/reference/java/lang/generated/ObjectFactory.java matches src/generated/java/java/lang/generated/ObjectFactory.java
/home/avery/git/thor/reference/com/example/recorded/ObjenesisPersonFactory.java matches src/generated/java/com/example/recorded/ObjenesisPersonFactory.java
]]></system-out>
  <system-err><![CDATA[]]></system-err>
</testsuite>
