<?xml version="1.0" encoding="UTF-8"?>
<testsuite name="com.advancedpwr.record.ClassWriterTest" tests="4" skipped="0" failures="0" errors="0" timestamp="2017-11-25T01:03:57" hostname="enterprise" time="0.002">
  <properties/>
  <testcase name="testWriteLine" classname="com.advancedpwr.record.ClassWriterTest" time="0.001"/>
  <testcase name="testWrite" classname="com.advancedpwr.record.ClassWriterTest" time="0.0"/>
  <testcase name="testOpenCloseBrace" classname="com.advancedpwr.record.ClassWriterTest" time="0.0"/>
  <testcase name="testSetClassName" classname="com.advancedpwr.record.ClassWriterTest" time="0.0"/>
  <system-out><![CDATA[]]></system-out>
  <system-err><![CDATA[]]></system-err>
</testsuite>
