<?xml version="1.0" encoding="UTF-8"?>
<testsuite name="com.advancedpwr.record.DescentTest" tests="4" skipped="0" failures="0" errors="0" timestamp="2017-11-25T01:03:57" hostname="enterprise" time="0.026">
  <properties/>
  <testcase name="testRecursion_2" classname="com.advancedpwr.record.DescentTest" time="0.008"/>
  <testcase name="testStopDescent" classname="com.advancedpwr.record.DescentTest" time="0.002"/>
  <testcase name="testRecordDescent" classname="com.advancedpwr.record.DescentTest" time="0.008"/>
  <testcase name="testRecursion" classname="com.advancedpwr.record.DescentTest" time="0.008"/>
  <system-out><![CDATA[/home/avery/git/thor/reference/com/example/recursion/PersonFactory3.java matches src/generated/java/com/example/recursion/PersonFactory3.java
/home/avery/git/thor/reference/com/example/recursion/PersonFactory4.java matches src/generated/java/com/example/recursion/PersonFactory4.java
/home/avery/git/thor/reference/com/example/recursion/PersonFactory1.java matches src/generated/java/com/example/recursion/PersonFactory1.java
/home/avery/git/thor/reference/com/example/recursion/PersonFactory2.java matches src/generated/java/com/example/recursion/PersonFactory2.java
]]></system-out>
  <system-err><![CDATA[]]></system-err>
</testsuite>
