<?xml version="1.0" encoding="UTF-8"?>
<testsuite name="com.advancedpwr.record.methods.PrimitivesTest" tests="3" skipped="0" failures="0" errors="0" timestamp="2017-11-25T01:03:57" hostname="enterprise" time="0.011">
  <properties/>
  <testcase name="testPrimitives" classname="com.advancedpwr.record.methods.PrimitivesTest" time="0.003"/>
  <testcase name="testPrimitives2" classname="com.advancedpwr.record.methods.PrimitivesTest" time="0.002"/>
  <testcase name="testLangObjects" classname="com.advancedpwr.record.methods.PrimitivesTest" time="0.005"/>
  <system-out><![CDATA[/home/avery/git/thor/reference/com/example/lang/PrimitiveFactory.java matches src/generated/java/com/example/lang/PrimitiveFactory.java
/home/avery/git/thor/reference/com/example/lang/PrimitiveFactory2.java matches src/generated/java/com/example/lang/PrimitiveFactory2.java
/home/avery/git/thor/reference/com/example/lang/LangFactory.java matches src/generated/java/com/example/lang/LangFactory.java
]]></system-out>
  <system-err><![CDATA[]]></system-err>
</testsuite>
