<?xml version="1.0" encoding="UTF-8"?>
<testsuite name="com.advancedpwr.record.ArrayTest" tests="11" skipped="0" failures="0" errors="0" timestamp="2017-11-25T01:03:57" hostname="enterprise" time="0.051">
  <properties/>
  <testcase name="testArray_2" classname="com.advancedpwr.record.ArrayTest" time="0.007"/>
  <testcase name="testArray_3" classname="com.advancedpwr.record.ArrayTest" time="0.003"/>
  <testcase name="testArray_4" classname="com.advancedpwr.record.ArrayTest" time="0.003"/>
  <testcase name="testArray_recursion" classname="com.advancedpwr.record.ArrayTest" time="0.004"/>
  <testcase name="testArray_imports" classname="com.advancedpwr.record.ArrayTest" time="0.004"/>
  <testcase name="testArray_5" classname="com.advancedpwr.record.ArrayTest" time="0.002"/>
  <testcase name="testArray_6" classname="com.advancedpwr.record.ArrayTest" time="0.009"/>
  <testcase name="testArray_string" classname="com.advancedpwr.record.ArrayTest" time="0.001"/>
  <testcase name="testArray_bytes" classname="com.advancedpwr.record.ArrayTest" time="0.002"/>
  <testcase name="testArray" classname="com.advancedpwr.record.ArrayTest" time="0.013"/>
  <testcase name="testArray_int" classname="com.advancedpwr.record.ArrayTest" time="0.001"/>
  <system-out><![CDATA[/home/avery/git/thor/reference/com/example/array/PersonArrayFactory2.java matches src/generated/java/com/example/array/PersonArrayFactory2.java
/home/avery/git/thor/reference/com/example/array/PersonArrayFactory4.java matches src/generated/java/com/example/array/PersonArrayFactory4.java
/home/avery/git/thor/reference/com/example/array/PersonArrayFactoryRecursion.java matches src/generated/java/com/example/array/PersonArrayFactoryRecursion.java
/home/avery/git/thor/reference/com/example/array/PersonArrayFactoryImports.java matches src/generated/java/com/example/array/PersonArrayFactoryImports.java
/home/avery/git/thor/reference/com/example/array/ArrayFactory5.java matches src/generated/java/com/example/array/ArrayFactory5.java
/home/avery/git/thor/reference/com/advancedpwr/samples/generated/PersonArrayFactory.java matches src/generated/java/com/advancedpwr/samples/generated/PersonArrayFactory.java
/home/avery/git/thor/reference/com/example/array/StringArrayFactory.java matches src/generated/java/com/example/array/StringArrayFactory.java
/home/avery/git/thor/reference/com/example/array/ByteArrayFactory.java matches src/generated/java/com/example/array/ByteArrayFactory.java
/home/avery/git/thor/reference/com/example/array/PersonArrayFactory1.java matches src/generated/java/com/example/array/PersonArrayFactory1.java
/home/avery/git/thor/reference/com/example/array/IntArrayFactory.java matches src/generated/java/com/example/array/IntArrayFactory.java
]]></system-out>
  <system-err><![CDATA[]]></system-err>
</testsuite>
