<?xml version="1.0" encoding="UTF-8"?>
<testsuite name="com.advancedpwr.record.mock.ListInstanceTest" tests="1" skipped="0" failures="0" errors="0" timestamp="2017-11-25T01:03:57" hostname="enterprise" time="0.002">
  <properties/>
  <testcase name="testListInstance" classname="com.advancedpwr.record.mock.ListInstanceTest" time="0.002"/>
  <system-out><![CDATA[Instrumenting class com.advancedpwr.samples.Person
Invoking method Person.getChildren()
Proxy: class com.advancedpwr.samples.Person$$EnhancerByCGLIB$$1a63bbc8, Source: class com.advancedpwr.samples.Person
Instrumenting class java.util.ArrayList
Invoking method ArrayList.get()
Proxy: class $java.util.ArrayList$$EnhancerByCGLIB$$b5855c01, Source: class java.util.ArrayList
Instrumenting class com.advancedpwr.samples.Person
Invoking method Person.getName()
Proxy: class com.advancedpwr.samples.Person$$EnhancerByCGLIB$$1a63bbc8, Source: class com.advancedpwr.samples.Person
Not able to instrument object jack
Invoking method Person.getDad()
Proxy: class com.advancedpwr.samples.Person$$EnhancerByCGLIB$$1a63bbc8, Source: class com.advancedpwr.samples.Person
Instrumenting class com.advancedpwr.samples.Person
Finished recording /home/avery/git/thor/src/generated/java/com.example.list.ListInstanceFactory
/home/avery/git/thor/reference/com/example/list/ListInstanceFactory.java matches src/generated/java/com/example/list/ListInstanceFactory.java
]]></system-out>
  <system-err><![CDATA[]]></system-err>
</testsuite>
